# JRE version: OpenJDK Runtime Environment (8.0_76-b03) (build 1.8.0_76-release-b03)
# Java VM: OpenJDK 64-Bit Server VM (25.76-b03 mixed mode linux-amd64 compressed oops)
Heap:
 PSYoungGen      total 291328K, used 21497K [0x00000000e0000000, 0x00000000f3f80000, 0x0000000100000000)
  eden space 269824K, 0% used [0x00000000e0000000,0x00000000e0000000,0x00000000f0780000)
  from space 21504K, 99% used [0x00000000f0780000,0x00000000f1c7e608,0x00000000f1c80000)
  to   space 15360K, 0% used [0x00000000f1c80000,0x00000000f1c80000,0x00000000f2b80000)
 ParOldGen       total 82944K, used 71688K [0x00000000a0000000, 0x00000000a5100000, 0x00000000e0000000)
  object space 82944K, 86% used [0x00000000a0000000,0x00000000a46022b0,0x00000000a5100000)
 Metaspace       used 59931K, capacity 61340K, committed 61568K, reserved 1103872K
  class space    used 7725K, capacity 8020K, committed 8064K, reserved 1048576K
GC Heap History (10 events):
Event: 21.548 GC heap after
Heap after GC invocations=13 (full 2):
 PSYoungGen      total 168448K, used 10219K [0x00000000e0000000, 0x00000000eec80000, 0x0000000100000000)
  eden space 158208K, 0% used [0x00000000e0000000,0x00000000e0000000,0x00000000e9a80000)
  from space 10240K, 99% used [0x00000000e9a80000,0x00000000ea47afe0,0x00000000ea480000)
  to   space 13312K, 0% used [0x00000000edf80000,0x00000000edf80000,0x00000000eec80000)
 ParOldGen       total 47616K, used 20297K [0x00000000a0000000, 0x00000000a2e80000, 0x00000000e0000000)
  object space 47616K, 42% used [0x00000000a0000000,0x00000000a13d2558,0x00000000a2e80000)
 Metaspace       used 44046K, capacity 45052K, committed 45184K, reserved 1087488K
  class space    used 5914K, capacity 6180K, committed 6272K, reserved 1048576K
}
Event: 33.273 GC heap before
{Heap before GC invocations=14 (full 2):
 PSYoungGen      total 168448K, used 168427K [0x00000000e0000000, 0x00000000eec80000, 0x0000000100000000)
  eden space 158208K, 100% used [0x00000000e0000000,0x00000000e9a80000,0x00000000e9a80000)
  from space 10240K, 99% used [0x00000000e9a80000,0x00000000ea47afe0,0x00000000ea480000)
  to   space 13312K, 0% used [0x00000000edf80000,0x00000000edf80000,0x00000000eec80000)
 ParOldGen       total 47616K, used 20297K [0x00000000a0000000, 0x00000000a2e80000, 0x00000000e0000000)
  object space 47616K, 42% used [0x00000000a0000000,0x00000000a13d2558,0x00000000a2e80000)
 Metaspace       used 54714K, capacity 56090K, committed 56320K, reserved 1097728K
  class space    used 7276K, capacity 7583K, committed 7680K, reserved 1048576K
Event: 33.331 GC heap after
Heap after GC invocations=14 (full 2):
 PSYoungGen      total 223232K, used 12731K [0x00000000e0000000, 0x00000000eec00000, 0x0000000100000000)
  eden space 210432K, 0% used [0x00000000e0000000,0x00000000e0000000,0x00000000ecd80000)
  from space 12800K, 99% used [0x00000000edf80000,0x00000000eebeed30,0x00000000eec00000)
  to   space 14848K, 0% used [0x00000000ecf00000,0x00000000ecf00000,0x00000000edd80000)
 ParOldGen       total 47616K, used 29627K [0x00000000a0000000, 0x00000000a2e80000, 0x00000000e0000000)
  object space 47616K, 62% used [0x00000000a0000000,0x00000000a1ceedd8,0x00000000a2e80000)
 Metaspace       used 54714K, capacity 56090K, committed 56320K, reserved 1097728K
  class space    used 7276K, capacity 7583K, committed 7680K, reserved 1048576K
}
Event: 38.610 GC heap before
{Heap before GC invocations=15 (full 2):
 PSYoungGen      total 223232K, used 191778K [0x00000000e0000000, 0x00000000eec00000, 0x0000000100000000)
  eden space 210432K, 85% used [0x00000000e0000000,0x00000000eaed9d48,0x00000000ecd80000)
  from space 12800K, 99% used [0x00000000edf80000,0x00000000eebeed30,0x00000000eec00000)
  to   space 14848K, 0% used [0x00000000ecf00000,0x00000000ecf00000,0x00000000edd80000)
 ParOldGen       total 47616K, used 29627K [0x00000000a0000000, 0x00000000a2e80000, 0x00000000e0000000)
  object space 47616K, 62% used [0x00000000a0000000,0x00000000a1ceedd8,0x00000000a2e80000)
 Metaspace       used 57680K, capacity 59078K, committed 59136K, reserved 1099776K
  class space    used 7581K, capacity 7901K, committed 7936K, reserved 1048576K
Event: 38.660 GC heap after
Heap after GC invocations=15 (full 2):
 PSYoungGen      total 226816K, used 10360K [0x00000000e0000000, 0x00000000f2b80000, 0x0000000100000000)
  eden space 211968K, 0% used [0x00000000e0000000,0x00000000e0000000,0x00000000ecf00000)
  from space 14848K, 69% used [0x00000000ecf00000,0x00000000ed91e140,0x00000000edd80000)
  to   space 15360K, 0% used [0x00000000f1c80000,0x00000000f1c80000,0x00000000f2b80000)
 ParOldGen       total 47616K, used 35987K [0x00000000a0000000, 0x00000000a2e80000, 0x00000000e0000000)
  object space 47616K, 75% used [0x00000000a0000000,0x00000000a2324e68,0x00000000a2e80000)
 Metaspace       used 57680K, capacity 59078K, committed 59136K, reserved 1099776K
  class space    used 7581K, capacity 7901K, committed 7936K, reserved 1048576K
}
Event: 38.660 GC heap before
{Heap before GC invocations=16 (full 3):
 PSYoungGen      total 226816K, used 10360K [0x00000000e0000000, 0x00000000f2b80000, 0x0000000100000000)
  eden space 211968K, 0% used [0x00000000e0000000,0x00000000e0000000,0x00000000ecf00000)
  from space 14848K, 69% used [0x00000000ecf00000,0x00000000ed91e140,0x00000000edd80000)
  to   space 15360K, 0% used [0x00000000f1c80000,0x00000000f1c80000,0x00000000f2b80000)
 ParOldGen       total 47616K, used 35987K [0x00000000a0000000, 0x00000000a2e80000, 0x00000000e0000000)
  object space 47616K, 75% used [0x00000000a0000000,0x00000000a2324e68,0x00000000a2e80000)
 Metaspace       used 57680K, capacity 59078K, committed 59136K, reserved 1099776K
  class space    used 7581K, capacity 7901K, committed 7936K, reserved 1048576K
Event: 38.951 GC heap after
Heap after GC invocations=16 (full 3):
 PSYoungGen      total 226816K, used 0K [0x00000000e0000000, 0x00000000f2b80000, 0x0000000100000000)
  eden space 211968K, 0% used [0x00000000e0000000,0x00000000e0000000,0x00000000ecf00000)
  from space 14848K, 0% used [0x00000000ecf00000,0x00000000ecf00000,0x00000000edd80000)
  to   space 15360K, 0% used [0x00000000f1c80000,0x00000000f1c80000,0x00000000f2b80000)
 ParOldGen       total 82944K, used 39396K [0x00000000a0000000, 0x00000000a5100000, 0x00000000e0000000)
  object space 82944K, 47% used [0x00000000a0000000,0x00000000a2679160,0x00000000a5100000)
 Metaspace       used 57665K, capacity 59036K, committed 59136K, reserved 1099776K
  class space    used 7576K, capacity 7892K, committed 7936K, reserved 1048576K
}
Event: 40.955 GC heap before
{Heap before GC invocations=17 (full 3):
 PSYoungGen      total 226816K, used 211968K [0x00000000e0000000, 0x00000000f2b80000, 0x0000000100000000)
  eden space 211968K, 100% used [0x00000000e0000000,0x00000000ecf00000,0x00000000ecf00000)
  from space 14848K, 0% used [0x00000000ecf00000,0x00000000ecf00000,0x00000000edd80000)
  to   space 15360K, 0% used [0x00000000f1c80000,0x00000000f1c80000,0x00000000f2b80000)
 ParOldGen       total 82944K, used 39396K [0x00000000a0000000, 0x00000000a5100000, 0x00000000e0000000)
  object space 82944K, 47% used [0x00000000a0000000,0x00000000a2679160,0x00000000a5100000)
 Metaspace       used 59522K, capacity 60956K, committed 61056K, reserved 1101824K
  class space    used 7723K, capacity 8020K, committed 8064K, reserved 1048576K
Event: 41.014 GC heap after
Heap after GC invocations=17 (full 3):
 PSYoungGen      total 285184K, used 15350K [0x00000000e0000000, 0x00000000f3f80000, 0x0000000100000000)
  eden space 269824K, 0% used [0x00000000e0000000,0x00000000e0000000,0x00000000f0780000)
  from space 15360K, 99% used [0x00000000f1c80000,0x00000000f2b7db70,0x00000000f2b80000)
  to   space 21504K, 0% used [0x00000000f0780000,0x00000000f0780000,0x00000000f1c80000)
 ParOldGen       total 82944K, used 50170K [0x00000000a0000000, 0x00000000a5100000, 0x00000000e0000000)
  object space 82944K, 60% used [0x00000000a0000000,0x00000000a30fe8a0,0x00000000a5100000)
 Metaspace       used 59522K, capacity 60956K, committed 61056K, reserved 1101824K
  class space    used 7723K, capacity 8020K, committed 8064K, reserved 1048576K
}
Event: 44.075 GC heap before
{Heap before GC invocations=18 (full 3):
 PSYoungGen      total 285184K, used 285174K [0x00000000e0000000, 0x00000000f3f80000, 0x0000000100000000)
  eden space 269824K, 100% used [0x00000000e0000000,0x00000000f0780000,0x00000000f0780000)
  from space 15360K, 99% used [0x00000000f1c80000,0x00000000f2b7db70,0x00000000f2b80000)
  to   space 21504K, 0% used [0x00000000f0780000,0x00000000f0780000,0x00000000f1c80000)
 ParOldGen       total 82944K, used 50170K [0x00000000a0000000, 0x00000000a5100000, 0x00000000e0000000)
  object space 82944K, 60% used [0x00000000a0000000,0x00000000a30fe8a0,0x00000000a5100000)
 Metaspace       used 59931K, capacity 61340K, committed 61568K, reserved 1103872K
  class space    used 7725K, capacity 8020K, committed 8064K, reserved 1048576K

